Started GET "/" for 127.0.0.1 at 2019-08-06 14:59:50 -0400
  
ActiveRecord::PendingMigrationError (

Migrations are pending. To resolve this issue, run:

        bin/rails db:migrate RAILS_ENV=development

):
  
activerecord (5.2.2) lib/active_record/migration.rb:579:in `check_pending!'
activerecord (5.2.2) lib/active_record/migration.rb:556:in `call'
actionpack (5.2.2) lib/action_dispatch/middleware/callbacks.rb:28:in `block in call'
activesupport (5.2.2) lib/active_support/callbacks.rb:98:in `run_callbacks'
actionpack (5.2.2) lib/action_dispatch/middleware/callbacks.rb:26:in `call'
actionpack (5.2.2) lib/action_dispatch/middleware/executor.rb:14:in `call'
actionpack (5.2.2) lib/action_dispatch/middleware/debug_exceptions.rb:61:in `call'
web-console (3.7.0) lib/web_console/middleware.rb:135:in `call_app'
web-console (3.7.0) lib/web_console/middleware.rb:30:in `block in call'
web-console (3.7.0) lib/web_console/middleware.rb:20:in `catch'
web-console (3.7.0) lib/web_console/middleware.rb:20:in `call'
actionpack (5.2.2) lib/action_dispatch/middleware/show_exceptions.rb:33:in `call'
railties (5.2.2) lib/rails/rack/logger.rb:38:in `call_app'
railties (5.2.2) lib/rails/rack/logger.rb:26:in `block in call'
activesupport (5.2.2) lib/active_support/tagged_logging.rb:71:in `block in tagged'
activesupport (5.2.2) lib/active_support/tagged_logging.rb:28:in `tagged'
activesupport (5.2.2) lib/active_support/tagged_logging.rb:71:in `tagged'
railties (5.2.2) lib/rails/rack/logger.rb:26:in `call'
sprockets-rails (3.2.1) lib/sprockets/rails/quiet_assets.rb:13:in `call'
actionpack (5.2.2) lib/action_dispatch/middleware/remote_ip.rb:81:in `call'
actionpack (5.2.2) lib/action_dispatch/middleware/request_id.rb:27:in `call'
rack (2.0.6) lib/rack/method_override.rb:22:in `call'
rack (2.0.6) lib/rack/runtime.rb:22:in `call'
activesupport (5.2.2) lib/active_support/cache/strategy/local_cache_middleware.rb:29:in `call'
actionpack (5.2.2) lib/action_dispatch/middleware/executor.rb:14:in `call'
actionpack (5.2.2) lib/action_dispatch/middleware/static.rb:127:in `call'
rack (2.0.6) lib/rack/sendfile.rb:111:in `call'
railties (5.2.2) lib/rails/engine.rb:524:in `call'
puma (3.12.0) lib/puma/configuration.rb:225:in `call'
puma (3.12.0) lib/puma/server.rb:658:in `handle_request'
puma (3.12.0) lib/puma/server.rb:472:in `process_client'
puma (3.12.0) lib/puma/server.rb:332:in `block in run'
puma (3.12.0) lib/puma/thread_pool.rb:133:in `block in spawn_thread'
Started GET "/favicon.ico" for 127.0.0.1 at 2019-08-06 14:59:57 -0400
  
ActiveRecord::PendingMigrationError (

Migrations are pending. To resolve this issue, run:

        bin/rails db:migrate RAILS_ENV=development

):
  
activerecord (5.2.2) lib/active_record/migration.rb:579:in `check_pending!'
activerecord (5.2.2) lib/active_record/migration.rb:556:in `call'
actionpack (5.2.2) lib/action_dispatch/middleware/callbacks.rb:28:in `block in call'
activesupport (5.2.2) lib/active_support/callbacks.rb:98:in `run_callbacks'
actionpack (5.2.2) lib/action_dispatch/middleware/callbacks.rb:26:in `call'
actionpack (5.2.2) lib/action_dispatch/middleware/executor.rb:14:in `call'
actionpack (5.2.2) lib/action_dispatch/middleware/debug_exceptions.rb:61:in `call'
web-console (3.7.0) lib/web_console/middleware.rb:135:in `call_app'
web-console (3.7.0) lib/web_console/middleware.rb:30:in `block in call'
web-console (3.7.0) lib/web_console/middleware.rb:20:in `catch'
web-console (3.7.0) lib/web_console/middleware.rb:20:in `call'
actionpack (5.2.2) lib/action_dispatch/middleware/show_exceptions.rb:33:in `call'
railties (5.2.2) lib/rails/rack/logger.rb:38:in `call_app'
railties (5.2.2) lib/rails/rack/logger.rb:26:in `block in call'
activesupport (5.2.2) lib/active_support/tagged_logging.rb:71:in `block in tagged'
activesupport (5.2.2) lib/active_support/tagged_logging.rb:28:in `tagged'
activesupport (5.2.2) lib/active_support/tagged_logging.rb:71:in `tagged'
railties (5.2.2) lib/rails/rack/logger.rb:26:in `call'
sprockets-rails (3.2.1) lib/sprockets/rails/quiet_assets.rb:13:in `call'
actionpack (5.2.2) lib/action_dispatch/middleware/remote_ip.rb:81:in `call'
actionpack (5.2.2) lib/action_dispatch/middleware/request_id.rb:27:in `call'
rack (2.0.6) lib/rack/method_override.rb:22:in `call'
rack (2.0.6) lib/rack/runtime.rb:22:in `call'
activesupport (5.2.2) lib/active_support/cache/strategy/local_cache_middleware.rb:29:in `call'
actionpack (5.2.2) lib/action_dispatch/middleware/executor.rb:14:in `call'
actionpack (5.2.2) lib/action_dispatch/middleware/static.rb:127:in `call'
rack (2.0.6) lib/rack/sendfile.rb:111:in `call'
railties (5.2.2) lib/rails/engine.rb:524:in `call'
puma (3.12.0) lib/puma/configuration.rb:225:in `call'
puma (3.12.0) lib/puma/server.rb:658:in `handle_request'
puma (3.12.0) lib/puma/server.rb:472:in `process_client'
puma (3.12.0) lib/puma/server.rb:332:in `block in run'
puma (3.12.0) lib/puma/thread_pool.rb:133:in `block in spawn_thread'
  [1m[35m (0.1ms)[0m  [1m[34mSELECT sqlite_version(*)[0m
  ↳ /home/saishbhende24/.rvm/rubies/ruby-2.6.1/lib/ruby/gems/2.6.0/gems/rake-12.3.2/lib/rake/task.rb:273
  [1m[35m (66.6ms)[0m  [1m[35mCREATE TABLE "schema_migrations" ("version" varchar NOT NULL PRIMARY KEY)[0m
  ↳ /home/saishbhende24/.rvm/rubies/ruby-2.6.1/lib/ruby/gems/2.6.0/gems/rake-12.3.2/lib/rake/task.rb:273
  [1m[35m (17.2ms)[0m  [1m[35mCREATE TABLE "ar_internal_metadata" ("key" varchar NOT NULL PRIMARY KEY, "value" varchar, "created_at" datetime NOT NULL, "updated_at" datetime NOT NULL)[0m
  ↳ /home/saishbhende24/.rvm/rubies/ruby-2.6.1/lib/ruby/gems/2.6.0/gems/rake-12.3.2/lib/rake/task.rb:273
  [1m[35m (0.4ms)[0m  [1m[34mSELECT "schema_migrations"."version" FROM "schema_migrations" ORDER BY "schema_migrations"."version" ASC[0m
  ↳ /home/saishbhende24/.rvm/rubies/ruby-2.6.1/lib/ruby/gems/2.6.0/gems/rake-12.3.2/lib/rake/task.rb:273
Migrating to CreateProducts (20190401003342)
  [1m[35m (0.1ms)[0m  [1m[36mbegin transaction[0m
  ↳ /home/saishbhende24/.rvm/rubies/ruby-2.6.1/lib/ruby/gems/2.6.0/gems/rake-12.3.2/lib/rake/task.rb:273
  [1m[35m (2.9ms)[0m  [1m[35mCREATE TABLE "products" ("id" integer PRIMARY KEY AUTOINCREMENT NOT NULL, "name" varchar, "description" text, "image_url" varchar, "created_at" datetime NOT NULL, "updated_at" datetime NOT NULL)[0m
  ↳ db/migrate/20190401003342_create_products.rb:3
  [1m[36mActiveRecord::SchemaMigration Create (0.3ms)[0m  [1m[32mINSERT INTO "schema_migrations" ("version") VALUES (?)[0m  [["version", "20190401003342"]]
  ↳ /home/saishbhende24/.rvm/rubies/ruby-2.6.1/lib/ruby/gems/2.6.0/gems/rake-12.3.2/lib/rake/task.rb:273
  [1m[35m (17.0ms)[0m  [1m[36mcommit transaction[0m
  ↳ /home/saishbhende24/.rvm/rubies/ruby-2.6.1/lib/ruby/gems/2.6.0/gems/rake-12.3.2/lib/rake/task.rb:273
Migrating to MigrationName (20190402214010)
  [1m[35m (0.1ms)[0m  [1m[36mbegin transaction[0m
  ↳ /home/saishbhende24/.rvm/rubies/ruby-2.6.1/lib/ruby/gems/2.6.0/gems/rake-12.3.2/lib/rake/task.rb:273
  [1m[36mActiveRecord::SchemaMigration Create (2.7ms)[0m  [1m[32mINSERT INTO "schema_migrations" ("version") VALUES (?)[0m  [["version", "20190402214010"]]
  ↳ /home/saishbhende24/.rvm/rubies/ruby-2.6.1/lib/ruby/gems/2.6.0/gems/rake-12.3.2/lib/rake/task.rb:273
  [1m[35m (28.5ms)[0m  [1m[36mcommit transaction[0m
  ↳ /home/saishbhende24/.rvm/rubies/ruby-2.6.1/lib/ruby/gems/2.6.0/gems/rake-12.3.2/lib/rake/task.rb:273
Migrating to AddColorToProducts (20190402214123)
  [1m[35m (0.1ms)[0m  [1m[36mbegin transaction[0m
  ↳ /home/saishbhende24/.rvm/rubies/ruby-2.6.1/lib/ruby/gems/2.6.0/gems/rake-12.3.2/lib/rake/task.rb:273
  [1m[35m (2.3ms)[0m  [1m[35mALTER TABLE "products" ADD "color" varchar[0m
  ↳ db/migrate/20190402214123_add_color_to_products.rb:3
  [1m[36mActiveRecord::SchemaMigration Create (0.5ms)[0m  [1m[32mINSERT INTO "schema_migrations" ("version") VALUES (?)[0m  [["version", "20190402214123"]]
  ↳ /home/saishbhende24/.rvm/rubies/ruby-2.6.1/lib/ruby/gems/2.6.0/gems/rake-12.3.2/lib/rake/task.rb:273
  [1m[35m (16.2ms)[0m  [1m[36mcommit transaction[0m
  ↳ /home/saishbhende24/.rvm/rubies/ruby-2.6.1/lib/ruby/gems/2.6.0/gems/rake-12.3.2/lib/rake/task.rb:273
Migrating to RenameColorsInProducts (20190403143213)
  [1m[35m (0.1ms)[0m  [1m[36mbegin transaction[0m
  ↳ /home/saishbhende24/.rvm/rubies/ruby-2.6.1/lib/ruby/gems/2.6.0/gems/rake-12.3.2/lib/rake/task.rb:273
  [1m[35m (0.2ms)[0m  [1m[35mCREATE TEMPORARY TABLE "aproducts" ("id" integer NOT NULL PRIMARY KEY, "name" varchar DEFAULT NULL, "description" text DEFAULT NULL, "image_url" varchar DEFAULT NULL, "created_at" datetime NOT NULL, "updated_at" datetime NOT NULL, "colour" varchar DEFAULT NULL)[0m
  ↳ db/migrate/20190403143213_rename_colors_in_products.rb:3
  [1m[35m (0.1ms)[0m  [1m[32mINSERT INTO "aproducts" ("id","name","description","image_url","created_at","updated_at","colour")
                     SELECT "id","name","description","image_url","created_at","updated_at","color" FROM "products"[0m
  ↳ db/migrate/20190403143213_rename_colors_in_products.rb:3
  [1m[35m (2.1ms)[0m  [1m[35mDROP TABLE "products"[0m
  ↳ db/migrate/20190403143213_rename_colors_in_products.rb:3
  [1m[35m (0.3ms)[0m  [1m[35mCREATE TABLE "products" ("id" integer NOT NULL PRIMARY KEY, "name" varchar DEFAULT NULL, "description" text DEFAULT NULL, "image_url" varchar DEFAULT NULL, "created_at" datetime NOT NULL, "updated_at" datetime NOT NULL, "colour" varchar DEFAULT NULL)[0m
  ↳ db/migrate/20190403143213_rename_colors_in_products.rb:3
  [1m[35m (0.1ms)[0m  [1m[32mINSERT INTO "products" ("id","name","description","image_url","created_at","updated_at","colour")
                     SELECT "id","name","description","image_url","created_at","updated_at","colour" FROM "aproducts"[0m
  ↳ db/migrate/20190403143213_rename_colors_in_products.rb:3
  [1m[35m (0.2ms)[0m  [1m[35mDROP TABLE "aproducts"[0m
  ↳ db/migrate/20190403143213_rename_colors_in_products.rb:3
  [1m[36mActiveRecord::SchemaMigration Create (0.4ms)[0m  [1m[32mINSERT INTO "schema_migrations" ("version") VALUES (?)[0m  [["version", "20190403143213"]]
  ↳ /home/saishbhende24/.rvm/rubies/ruby-2.6.1/lib/ruby/gems/2.6.0/gems/rake-12.3.2/lib/rake/task.rb:273
  [1m[35m (23.5ms)[0m  [1m[36mcommit transaction[0m
  ↳ /home/saishbhende24/.rvm/rubies/ruby-2.6.1/lib/ruby/gems/2.6.0/gems/rake-12.3.2/lib/rake/task.rb:273
Migrating to AddPriceToProducts (20190403154230)
  [1m[35m (0.1ms)[0m  [1m[36mbegin transaction[0m
  ↳ /home/saishbhende24/.rvm/rubies/ruby-2.6.1/lib/ruby/gems/2.6.0/gems/rake-12.3.2/lib/rake/task.rb:273
  [1m[35m (3.0ms)[0m  [1m[35mALTER TABLE "products" ADD "price" decimal[0m
  ↳ db/migrate/20190403154230_add_price_to_products.rb:3
  [1m[36mActiveRecord::SchemaMigration Create (5.4ms)[0m  [1m[32mINSERT INTO "schema_migrations" ("version") VALUES (?)[0m  [["version", "20190403154230"]]
  ↳ /home/saishbhende24/.rvm/rubies/ruby-2.6.1/lib/ruby/gems/2.6.0/gems/rake-12.3.2/lib/rake/task.rb:273
  [1m[35m (36.1ms)[0m  [1m[36mcommit transaction[0m
  ↳ /home/saishbhende24/.rvm/rubies/ruby-2.6.1/lib/ruby/gems/2.6.0/gems/rake-12.3.2/lib/rake/task.rb:273
Migrating to CreateOrders (20190406180540)
  [1m[35m (0.1ms)[0m  [1m[36mbegin transaction[0m
  ↳ /home/saishbhende24/.rvm/rubies/ruby-2.6.1/lib/ruby/gems/2.6.0/gems/rake-12.3.2/lib/rake/task.rb:273
  [1m[35m (1.9ms)[0m  [1m[35mCREATE TABLE "orders" ("id" integer PRIMARY KEY AUTOINCREMENT NOT NULL, "user_id" integer, "product_id" integer, "total" float)[0m
  ↳ db/migrate/20190406180540_create_orders.rb:3
  [1m[35m (0.2ms)[0m  [1m[35mCREATE  INDEX "index_orders_on_user_id" ON "orders" ("user_id")[0m
  ↳ db/migrate/20190406180540_create_orders.rb:8
  [1m[35m (0.2ms)[0m  [1m[35mCREATE  INDEX "index_orders_on_product_id" ON "orders" ("product_id")[0m
  ↳ db/migrate/20190406180540_create_orders.rb:9
  [1m[36mActiveRecord::SchemaMigration Create (0.4ms)[0m  [1m[32mINSERT INTO "schema_migrations" ("version") VALUES (?)[0m  [["version", "20190406180540"]]
  ↳ /home/saishbhende24/.rvm/rubies/ruby-2.6.1/lib/ruby/gems/2.6.0/gems/rake-12.3.2/lib/rake/task.rb:273
  [1m[35m (21.0ms)[0m  [1m[36mcommit transaction[0m
  ↳ /home/saishbhende24/.rvm/rubies/ruby-2.6.1/lib/ruby/gems/2.6.0/gems/rake-12.3.2/lib/rake/task.rb:273
  [1m[36mActiveRecord::InternalMetadata Load (0.4ms)[0m  [1m[34mSELECT  "ar_internal_metadata".* FROM "ar_internal_metadata" WHERE "ar_internal_metadata"."key" = ? LIMIT ?[0m  [["key", "environment"], ["LIMIT", 1]]
  ↳ /home/saishbhende24/.rvm/rubies/ruby-2.6.1/lib/ruby/gems/2.6.0/gems/rake-12.3.2/lib/rake/task.rb:273
  [1m[35m (0.0ms)[0m  [1m[36mbegin transaction[0m
  ↳ /home/saishbhende24/.rvm/rubies/ruby-2.6.1/lib/ruby/gems/2.6.0/gems/rake-12.3.2/lib/rake/task.rb:273
  [1m[36mActiveRecord::InternalMetadata Create (3.5ms)[0m  [1m[32mINSERT INTO "ar_internal_metadata" ("key", "value", "created_at", "updated_at") VALUES (?, ?, ?, ?)[0m  [["key", "environment"], ["value", "development"], ["created_at", "2019-08-06 19:00:40.777488"], ["updated_at", "2019-08-06 19:00:40.777488"]]
  ↳ /home/saishbhende24/.rvm/rubies/ruby-2.6.1/lib/ruby/gems/2.6.0/gems/rake-12.3.2/lib/rake/task.rb:273
  [1m[35m (16.5ms)[0m  [1m[36mcommit transaction[0m
  ↳ /home/saishbhende24/.rvm/rubies/ruby-2.6.1/lib/ruby/gems/2.6.0/gems/rake-12.3.2/lib/rake/task.rb:273
  [1m[35m (0.2ms)[0m  [1m[34mSELECT "schema_migrations"."version" FROM "schema_migrations" ORDER BY "schema_migrations"."version" ASC[0m
  ↳ /home/saishbhende24/.rvm/rubies/ruby-2.6.1/lib/ruby/gems/2.6.0/gems/rake-12.3.2/lib/rake/task.rb:273
Started GET "/" for 127.0.0.1 at 2019-08-06 15:00:50 -0400
  [1m[35m (0.4ms)[0m  [1m[34mSELECT "schema_migrations"."version" FROM "schema_migrations" ORDER BY "schema_migrations"."version" ASC[0m
  ↳ /home/saishbhende24/.rvm/gems/ruby-2.6.1/gems/activerecord-5.2.2/lib/active_record/log_subscriber.rb:98
Processing by SimplePagesController#landing_page as HTML
  Rendering simple_pages/landing_page.html.erb within layouts/application
  [1m[36mProduct Load (0.3ms)[0m  [1m[34mSELECT  "products".* FROM "products" LIMIT ?[0m  [["LIMIT", 3]]
  ↳ app/views/simple_pages/landing_page.html.erb:11
  Rendered simple_pages/landing_page.html.erb within layouts/application (4.7ms)
Completed 500 Internal Server Error in 12190ms (ActiveRecord: 1.1ms)


  
ActionView::Template::Error (require_tree argument must be a directory):
    2: <html>
    3:   <head>
    4:     <title>R2</title>
    5:     <%= stylesheet_link_tag    'application', media: 'all', 'data-turbolinks-track': 'reload' %>
    6: <link rel="stylesheet" href="https://stackpath.bootstrapcdn.com/bootstrap/4.1.0/css/bootstrap.min.css" integrity="sha384-9gVQ4dYFwwWSjIDZnLEWnxCjeSWFphJiwGPXr1jddIhOegiu1FwO5qRGvFXOdJZ4" crossorigin="anonymous">
    7:     <%= javascript_include_tag 'application', 'data-turbolinks-track': 'reload' %>
    8:     <script src="https://cdnjs.cloudflare.com/ajax/libs/popper.js/1.14.0/umd/popper.min.js" integrity="sha384-cs/chFZiN24E4KMATLdqdvsezGxaGsi4hLGOzlXwp5UZB1LY//20VyM2taTB4QvJ" crossorigin="anonymous"></script>
  
app/assets/javascripts/cable.js:6
app/views/layouts/application.html.erb:5:in `_app_views_layouts_application_html_erb___3758692520217834599_70368449715700'
Started GET "/favicon.ico" for 127.0.0.1 at 2019-08-06 15:01:03 -0400
  
ActionController::RoutingError (No route matches [GET] "/favicon.ico"):
  
actionpack (5.2.2) lib/action_dispatch/middleware/debug_exceptions.rb:65:in `call'
web-console (3.7.0) lib/web_console/middleware.rb:135:in `call_app'
web-console (3.7.0) lib/web_console/middleware.rb:30:in `block in call'
web-console (3.7.0) lib/web_console/middleware.rb:20:in `catch'
web-console (3.7.0) lib/web_console/middleware.rb:20:in `call'
actionpack (5.2.2) lib/action_dispatch/middleware/show_exceptions.rb:33:in `call'
railties (5.2.2) lib/rails/rack/logger.rb:38:in `call_app'
railties (5.2.2) lib/rails/rack/logger.rb:26:in `block in call'
activesupport (5.2.2) lib/active_support/tagged_logging.rb:71:in `block in tagged'
activesupport (5.2.2) lib/active_support/tagged_logging.rb:28:in `tagged'
activesupport (5.2.2) lib/active_support/tagged_logging.rb:71:in `tagged'
railties (5.2.2) lib/rails/rack/logger.rb:26:in `call'
sprockets-rails (3.2.1) lib/sprockets/rails/quiet_assets.rb:13:in `call'
actionpack (5.2.2) lib/action_dispatch/middleware/remote_ip.rb:81:in `call'
actionpack (5.2.2) lib/action_dispatch/middleware/request_id.rb:27:in `call'
rack (2.0.6) lib/rack/method_override.rb:22:in `call'
rack (2.0.6) lib/rack/runtime.rb:22:in `call'
activesupport (5.2.2) lib/active_support/cache/strategy/local_cache_middleware.rb:29:in `call'
actionpack (5.2.2) lib/action_dispatch/middleware/executor.rb:14:in `call'
actionpack (5.2.2) lib/action_dispatch/middleware/static.rb:127:in `call'
rack (2.0.6) lib/rack/sendfile.rb:111:in `call'
railties (5.2.2) lib/rails/engine.rb:524:in `call'
puma (3.12.0) lib/puma/configuration.rb:225:in `call'
puma (3.12.0) lib/puma/server.rb:658:in `handle_request'
puma (3.12.0) lib/puma/server.rb:472:in `process_client'
puma (3.12.0) lib/puma/server.rb:332:in `block in run'
puma (3.12.0) lib/puma/thread_pool.rb:133:in `block in spawn_thread'
Started GET "/" for 127.0.0.1 at 2019-08-06 15:04:58 -0400
  [1m[35m (0.4ms)[0m  [1m[34mSELECT "schema_migrations"."version" FROM "schema_migrations" ORDER BY "schema_migrations"."version" ASC[0m
  ↳ /home/saishbhende24/.rvm/gems/ruby-2.6.1/gems/activerecord-5.2.2/lib/active_record/log_subscriber.rb:98
Processing by SimplePagesController#landing_page as HTML
  Rendering simple_pages/landing_page.html.erb within layouts/application
  [1m[36mProduct Load (0.4ms)[0m  [1m[34mSELECT  "products".* FROM "products" LIMIT ?[0m  [["LIMIT", 3]]
  ↳ app/views/simple_pages/landing_page.html.erb:11
  Rendered simple_pages/landing_page.html.erb within layouts/application (4.7ms)
Completed 500 Internal Server Error in 1969ms (ActiveRecord: 1.3ms)


  
ActionView::Template::Error (require_tree argument must be a directory):
    2: <html>
    3:   <head>
    4:     <title>R2</title>
    5:     <%= stylesheet_link_tag    'application', media: 'all', 'data-turbolinks-track': 'reload' %>
    6: <link rel="stylesheet" href="https://stackpath.bootstrapcdn.com/bootstrap/4.1.0/css/bootstrap.min.css" integrity="sha384-9gVQ4dYFwwWSjIDZnLEWnxCjeSWFphJiwGPXr1jddIhOegiu1FwO5qRGvFXOdJZ4" crossorigin="anonymous">
    7:     <%= javascript_include_tag 'application', 'data-turbolinks-track': 'reload' %>
    8:     <script src="https://cdnjs.cloudflare.com/ajax/libs/popper.js/1.14.0/umd/popper.min.js" integrity="sha384-cs/chFZiN24E4KMATLdqdvsezGxaGsi4hLGOzlXwp5UZB1LY//20VyM2taTB4QvJ" crossorigin="anonymous"></script>
  
app/assets/javascripts/cable.js:6
app/views/layouts/application.html.erb:5:in `_app_views_layouts_application_html_erb__4514179435366641788_70368587683320'
Started GET "/" for 127.0.0.1 at 2019-08-06 15:05:46 -0400
Processing by SimplePagesController#landing_page as HTML
  Rendering simple_pages/landing_page.html.erb within layouts/application
  [1m[36mProduct Load (1.3ms)[0m  [1m[34mSELECT  "products".* FROM "products" LIMIT ?[0m  [["LIMIT", 3]]
  ↳ app/views/simple_pages/landing_page.html.erb:11
  Rendered simple_pages/landing_page.html.erb within layouts/application (12.4ms)
Completed 200 OK in 1574ms (Views: 1565.9ms | ActiveRecord: 1.3ms)


Started GET "/" for 127.0.0.1 at 2019-08-06 15:06:03 -0400
Processing by SimplePagesController#landing_page as HTML
  Rendering simple_pages/landing_page.html.erb within layouts/application
  [1m[36mProduct Load (0.6ms)[0m  [1m[34mSELECT  "products".* FROM "products" LIMIT ?[0m  [["LIMIT", 3]]
  ↳ app/views/simple_pages/landing_page.html.erb:11
  Rendered simple_pages/landing_page.html.erb within layouts/application (21.9ms)
Completed 200 OK in 322ms (Views: 314.9ms | ActiveRecord: 2.4ms)


Started GET "/" for 127.0.0.1 at 2019-08-06 15:07:42 -0400
Processing by SimplePagesController#landing_page as HTML
  Rendering simple_pages/landing_page.html.erb within layouts/application
  [1m[36mProduct Load (0.6ms)[0m  [1m[34mSELECT  "products".* FROM "products" LIMIT ?[0m  [["LIMIT", 3]]
  ↳ app/views/simple_pages/landing_page.html.erb:11
  Rendered simple_pages/landing_page.html.erb within layouts/application (3.4ms)
Completed 200 OK in 139ms (Views: 133.8ms | ActiveRecord: 0.6ms)


